c:\users\foxbl\documents\course work\games engineering ii\sdl\first sdl\firstsdl\x64\debug\vc141.pdb
c:\users\foxbl\documents\course work\games engineering ii\sdl\first sdl\firstsdl\x64\debug\vc141.idb
c:\users\foxbl\documents\course work\games engineering ii\sdl\first sdl\firstsdl\x64\debug\main.obj
c:\users\foxbl\desktop\gamesengi2\gamesengineering2\commandpatterns\x64\debug\vc141.pdb
c:\users\foxbl\desktop\gamesengi2\gamesengineering2\commandpatterns\x64\debug\vc141.idb
c:\users\foxbl\desktop\gamesengi2\gamesengineering2\commandpatterns\x64\debug\main.obj
c:\users\foxbl\desktop\gamesengi2\gamesengineering2\commandpatterns\x64\debug\inputhandler.obj
c:\users\foxbl\desktop\gamesengi2\gamesengineering2\commandpatterns\x64\debug\macrocommand.obj
c:\users\foxbl\desktop\gamesengi2\gamesengineering2\fsm\x64\debug\vc141.pdb
c:\users\foxbl\desktop\gamesengi2\gamesengineering2\fsm\x64\debug\vc141.idb
c:\users\foxbl\desktop\gamesengi2\gamesengineering2\fsm\x64\debug\inputhandler.obj
c:\users\foxbl\desktop\gamesengi2\gamesengineering2\fsm\x64\debug\main.obj
c:\users\foxbl\desktop\gamesengi2\gamesengineering2\fsm\x64\debug\idle.obj
c:\users\foxbl\desktop\gamesengi2\gamesengineering2\fsm\x64\debug\animation.obj
c:\users\foxbl\desktop\gamesengi2\gamesengineering2\ecs\x64\debug\vc141.pdb
c:\users\foxbl\desktop\gamesengi2\gamesengineering2\ecs\x64\debug\vc141.idb
c:\users\foxbl\desktop\gamesengi2\gamesengineering2\ecs\x64\debug\animation.obj
c:\users\foxbl\desktop\gamesengi2\gamesengineering2\ecs\x64\debug\idle.obj
c:\users\foxbl\desktop\gamesengi2\gamesengineering2\ecs\x64\debug\inputhandler.obj
c:\users\foxbl\desktop\gamesengi2\gamesengineering2\ecs\x64\debug\main.obj
c:\users\foxbl\desktop\gamesengi2\gamesengineering2\ecs\x64\debug\component.obj
c:\users\foxbl\desktop\gamesengi2\gamesengineering2\ecs\x64\debug\entity.obj
c:\users\foxbl\documents\course work\games engineering ii\sdl\first sdl\firstsdl\x64\debug\firstsdl.ilk
c:\users\foxbl\documents\course work\games engineering ii\sdl\first sdl\firstsdl\x64\debug\firstsdl.exe
c:\users\foxbl\documents\course work\games engineering ii\sdl\first sdl\firstsdl\x64\debug\firstsdl.pdb
c:\users\foxbl\desktop\gamesengi2\gamesengineering2\commandpatterns\x64\debug\firstsdl.ilk
c:\users\foxbl\desktop\gamesengi2\gamesengineering2\commandpatterns\x64\debug\firstsdl.exe
c:\users\foxbl\desktop\gamesengi2\gamesengineering2\commandpatterns\x64\debug\firstsdl.pdb
c:\users\foxbl\desktop\gamesengi2\gamesengineering2\fsm\x64\debug\firstsdl.ilk
c:\users\foxbl\desktop\gamesengi2\gamesengineering2\fsm\x64\debug\firstsdl.exe
c:\users\foxbl\desktop\gamesengi2\gamesengineering2\fsm\x64\debug\firstsdl.pdb
c:\users\foxbl\desktop\gamesengi2\gamesengineering2\ecs\x64\debug\firstsdl.ilk
c:\users\foxbl\desktop\gamesengi2\gamesengineering2\ecs\x64\debug\firstsdl.exe
c:\users\foxbl\desktop\gamesengi2\gamesengineering2\ecs\x64\debug\firstsdl.pdb
c:\users\foxbl\desktop\gamesengi2\gamesengineering2\ecs\x64\debug\macrocommand.obj
c:\users\foxbl\desktop\gamesengi2\gamesengineering2\ecs\x64\debug\firstsdl.tlog\cl.command.1.tlog
c:\users\foxbl\desktop\gamesengi2\gamesengineering2\ecs\x64\debug\firstsdl.tlog\cl.read.1.tlog
c:\users\foxbl\desktop\gamesengi2\gamesengineering2\ecs\x64\debug\firstsdl.tlog\cl.write.1.tlog
c:\users\foxbl\desktop\gamesengi2\gamesengineering2\ecs\x64\debug\firstsdl.tlog\link-cvtres.read.1.tlog
c:\users\foxbl\desktop\gamesengi2\gamesengineering2\ecs\x64\debug\firstsdl.tlog\link-cvtres.write.1.tlog
c:\users\foxbl\desktop\gamesengi2\gamesengineering2\ecs\x64\debug\firstsdl.tlog\link-rc.read.1.tlog
c:\users\foxbl\desktop\gamesengi2\gamesengineering2\ecs\x64\debug\firstsdl.tlog\link-rc.write.1.tlog
c:\users\foxbl\desktop\gamesengi2\gamesengineering2\ecs\x64\debug\firstsdl.tlog\link.19396-cvtres.read.1.tlog
c:\users\foxbl\desktop\gamesengi2\gamesengineering2\ecs\x64\debug\firstsdl.tlog\link.19396-cvtres.write.1.tlog
c:\users\foxbl\desktop\gamesengi2\gamesengineering2\ecs\x64\debug\firstsdl.tlog\link.19396-rc.read.1.tlog
c:\users\foxbl\desktop\gamesengi2\gamesengineering2\ecs\x64\debug\firstsdl.tlog\link.19396-rc.write.1.tlog
c:\users\foxbl\desktop\gamesengi2\gamesengineering2\ecs\x64\debug\firstsdl.tlog\link.19396.read.1.tlog
c:\users\foxbl\desktop\gamesengi2\gamesengineering2\ecs\x64\debug\firstsdl.tlog\link.19396.write.1.tlog
c:\users\foxbl\desktop\gamesengi2\gamesengineering2\ecs\x64\debug\firstsdl.tlog\link.command.1.tlog
c:\users\foxbl\desktop\gamesengi2\gamesengineering2\ecs\x64\debug\firstsdl.tlog\link.read.1.tlog
c:\users\foxbl\desktop\gamesengi2\gamesengineering2\ecs\x64\debug\firstsdl.tlog\link.write.1.tlog
